build/app/intermediates/manifest_merge_blame_file/release/manifest-merger-blame-release-report.txt
1<?xml version="1.0" encoding="utf-8"?>
2<manifest xmlns:android="http://schemas.android.com/apk/res/android"
3    package="com.example.bthn_test"
4    android:versionCode="1"
5    android:versionName="1.0.0" >
6
7    <uses-sdk
8        android:minSdkVersion="20"
8-->src\main\AndroidManifest.xml
9        android:targetSdkVersion="33" />
9-->src\main\AndroidManifest.xml
10
11    <uses-permission android:name="android.permission.INTERNET" />
11-->src\main\AndroidManifest.xml:3:6-67
11-->src\main\AndroidManifest.xml:3:23-65
12
13    <!-- Create a unique permission for your app and use it so only your app can receive your OneSignal messages. -->
14    <permission
14-->[com.onesignal:OneSignal:4.8.5] AndroidManifest.xml:7:5-9:47
15        android:name="com.example.bthn_test.permission.C2D_MESSAGE"
15-->[com.onesignal:OneSignal:4.8.5] AndroidManifest.xml:8:9-63
16        android:protectionLevel="signature" />
16-->[com.onesignal:OneSignal:4.8.5] AndroidManifest.xml:9:9-44
17
18    <uses-permission android:name="com.example.bthn_test.permission.C2D_MESSAGE" /> <!-- OneSignal SDK has runtime checks Android version. -->
18-->[com.onesignal:OneSignal:4.8.5] AndroidManifest.xml:11:5-79
18-->[com.onesignal:OneSignal:4.8.5] AndroidManifest.xml:11:22-76
19    <!-- <uses-sdk tools:overrideLibrary="android.support.customtabs"/> -->
20    <!-- Required runtime permission to display notifications on Android 13 -->
21    <uses-permission android:name="android.permission.POST_NOTIFICATIONS" /> <!-- c2dm RECEIVE are basic requirements for push messages through Google's FCM -->
21-->[com.onesignal:OneSignal:4.8.5] AndroidManifest.xml:16:5-77
21-->[com.onesignal:OneSignal:4.8.5] AndroidManifest.xml:16:22-74
22    <uses-permission android:name="com.google.android.c2dm.permission.RECEIVE" /> <!-- Required, makes sure notifications are delivered on time. -->
22-->[com.onesignal:OneSignal:4.8.5] AndroidManifest.xml:18:5-82
22-->[com.onesignal:OneSignal:4.8.5] AndroidManifest.xml:18:22-79
23    <uses-permission android:name="android.permission.WAKE_LOCK" />
23-->[com.onesignal:OneSignal:4.8.5] AndroidManifest.xml:19:5-68
23-->[com.onesignal:OneSignal:4.8.5] AndroidManifest.xml:19:22-65
24    <!--
25 Required so the device vibrates on receiving a push notification.
26         Vibration settings of the device still apply.
27    -->
28    <uses-permission android:name="android.permission.VIBRATE" />
28-->[com.onesignal:OneSignal:4.8.5] AndroidManifest.xml:24:5-66
28-->[com.onesignal:OneSignal:4.8.5] AndroidManifest.xml:24:22-63
29    <uses-permission android:name="android.permission.ACCESS_NETWORK_STATE" />
29-->[com.onesignal:OneSignal:4.8.5] AndroidManifest.xml:25:5-79
29-->[com.onesignal:OneSignal:4.8.5] AndroidManifest.xml:25:22-76
30    <!--
31 Use to restore notifications the user hasn't interacted with.
32         They could be missed notifications if the user reboots their device if this isn't in place.
33    -->
34    <uses-permission android:name="android.permission.RECEIVE_BOOT_COMPLETED" /> <!-- START: ShortcutBadger -->
34-->[com.onesignal:OneSignal:4.8.5] AndroidManifest.xml:30:5-81
34-->[com.onesignal:OneSignal:4.8.5] AndroidManifest.xml:30:22-78
35    <!-- Samsung -->
36    <uses-permission android:name="com.sec.android.provider.badge.permission.READ" />
36-->[com.onesignal:OneSignal:4.8.5] AndroidManifest.xml:32:5-86
36-->[com.onesignal:OneSignal:4.8.5] AndroidManifest.xml:32:22-83
37    <uses-permission android:name="com.sec.android.provider.badge.permission.WRITE" /> <!-- HTC -->
37-->[com.onesignal:OneSignal:4.8.5] AndroidManifest.xml:33:5-87
37-->[com.onesignal:OneSignal:4.8.5] AndroidManifest.xml:33:22-84
38    <uses-permission android:name="com.htc.launcher.permission.READ_SETTINGS" />
38-->[com.onesignal:OneSignal:4.8.5] AndroidManifest.xml:34:5-81
38-->[com.onesignal:OneSignal:4.8.5] AndroidManifest.xml:34:22-78
39    <uses-permission android:name="com.htc.launcher.permission.UPDATE_SHORTCUT" /> <!-- Sony -->
39-->[com.onesignal:OneSignal:4.8.5] AndroidManifest.xml:35:5-83
39-->[com.onesignal:OneSignal:4.8.5] AndroidManifest.xml:35:22-80
40    <uses-permission android:name="com.sonyericsson.home.permission.BROADCAST_BADGE" />
40-->[com.onesignal:OneSignal:4.8.5] AndroidManifest.xml:36:5-88
40-->[com.onesignal:OneSignal:4.8.5] AndroidManifest.xml:36:22-85
41    <uses-permission android:name="com.sonymobile.home.permission.PROVIDER_INSERT_BADGE" /> <!-- Apex -->
41-->[com.onesignal:OneSignal:4.8.5] AndroidManifest.xml:37:5-92
41-->[com.onesignal:OneSignal:4.8.5] AndroidManifest.xml:37:22-89
42    <uses-permission android:name="com.anddoes.launcher.permission.UPDATE_COUNT" /> <!-- Solid -->
42-->[com.onesignal:OneSignal:4.8.5] AndroidManifest.xml:38:5-84
42-->[com.onesignal:OneSignal:4.8.5] AndroidManifest.xml:38:22-81
43    <uses-permission android:name="com.majeur.launcher.permission.UPDATE_BADGE" /> <!-- Huawei -->
43-->[com.onesignal:OneSignal:4.8.5] AndroidManifest.xml:39:5-83
43-->[com.onesignal:OneSignal:4.8.5] AndroidManifest.xml:39:22-80
44    <uses-permission android:name="com.huawei.android.launcher.permission.CHANGE_BADGE" />
44-->[com.onesignal:OneSignal:4.8.5] AndroidManifest.xml:40:5-91
44-->[com.onesignal:OneSignal:4.8.5] AndroidManifest.xml:40:22-88
45    <uses-permission android:name="com.huawei.android.launcher.permission.READ_SETTINGS" />
45-->[com.onesignal:OneSignal:4.8.5] AndroidManifest.xml:41:5-92
45-->[com.onesignal:OneSignal:4.8.5] AndroidManifest.xml:41:22-89
46    <uses-permission android:name="com.huawei.android.launcher.permission.WRITE_SETTINGS" /> <!-- ZUK -->
46-->[com.onesignal:OneSignal:4.8.5] AndroidManifest.xml:42:5-93
46-->[com.onesignal:OneSignal:4.8.5] AndroidManifest.xml:42:22-90
47    <uses-permission android:name="android.permission.READ_APP_BADGE" /> <!-- OPPO -->
47-->[com.onesignal:OneSignal:4.8.5] AndroidManifest.xml:43:5-73
47-->[com.onesignal:OneSignal:4.8.5] AndroidManifest.xml:43:22-70
48    <uses-permission android:name="com.oppo.launcher.permission.READ_SETTINGS" />
48-->[com.onesignal:OneSignal:4.8.5] AndroidManifest.xml:44:5-82
48-->[com.onesignal:OneSignal:4.8.5] AndroidManifest.xml:44:22-79
49    <uses-permission android:name="com.oppo.launcher.permission.WRITE_SETTINGS" /> <!-- EvMe -->
49-->[com.onesignal:OneSignal:4.8.5] AndroidManifest.xml:45:5-83
49-->[com.onesignal:OneSignal:4.8.5] AndroidManifest.xml:45:22-80
50    <uses-permission android:name="me.everything.badger.permission.BADGE_COUNT_READ" />
50-->[com.onesignal:OneSignal:4.8.5] AndroidManifest.xml:46:5-88
50-->[com.onesignal:OneSignal:4.8.5] AndroidManifest.xml:46:22-85
51    <uses-permission android:name="me.everything.badger.permission.BADGE_COUNT_WRITE" />
51-->[com.onesignal:OneSignal:4.8.5] AndroidManifest.xml:47:5-89
51-->[com.onesignal:OneSignal:4.8.5] AndroidManifest.xml:47:22-86
52    <uses-permission android:name="android.permission.FOREGROUND_SERVICE" />
52-->[androidx.work:work-runtime:2.7.1] AndroidManifest.xml:28:5-77
52-->[androidx.work:work-runtime:2.7.1] AndroidManifest.xml:28:22-74
53
54    <permission
54-->[androidx.core:core:1.10.1] AndroidManifest.xml:22:5-24:47
55        android:name="com.example.bthn_test.DYNAMIC_RECEIVER_NOT_EXPORTED_PERMISSION"
55-->[androidx.core:core:1.10.1] AndroidManifest.xml:23:9-81
56        android:protectionLevel="signature" />
56-->[androidx.core:core:1.10.1] AndroidManifest.xml:24:9-44
57
58    <uses-permission android:name="com.example.bthn_test.DYNAMIC_RECEIVER_NOT_EXPORTED_PERMISSION" />
58-->[androidx.core:core:1.10.1] AndroidManifest.xml:26:5-97
58-->[androidx.core:core:1.10.1] AndroidManifest.xml:26:22-94
59
60    <application
61        android:name="io.flutter.app.FlutterMultiDexApplication"
61-->src\main\AndroidManifest.xml:6:9-42
62        android:appComponentFactory="androidx.core.app.CoreComponentFactory"
62-->[androidx.core:core:1.10.1] AndroidManifest.xml:28:18-86
63        android:icon="@mipmap/ic_launcher"
63-->src\main\AndroidManifest.xml:7:9-43
64        android:label="Anda ARAMA Kurtarma" >
64-->src\main\AndroidManifest.xml:5:9-44
65        <meta-data
65-->src\main\AndroidManifest.xml:8:9-9:73
66            android:name="com.google.android.geo.API_KEY"
66-->src\main\AndroidManifest.xml:8:20-65
67            android:value="AIzaSyCUNdKSvT5aReykTAgItBwIlYIj3MoS0YU" />
67-->src\main\AndroidManifest.xml:9:16-71
68
69        <activity
69-->src\main\AndroidManifest.xml:10:9-31:20
70            android:name="com.example.bthn_test.MainActivity"
70-->src\main\AndroidManifest.xml:11:13-41
71            android:configChanges="orientation|keyboardHidden|keyboard|screenSize|smallestScreenSize|locale|layoutDirection|fontScale|screenLayout|density|uiMode"
71-->src\main\AndroidManifest.xml:15:13-163
72            android:exported="true"
72-->src\main\AndroidManifest.xml:12:13-36
73            android:hardwareAccelerated="true"
73-->src\main\AndroidManifest.xml:16:13-47
74            android:launchMode="singleTop"
74-->src\main\AndroidManifest.xml:13:13-43
75            android:theme="@style/LaunchTheme"
75-->src\main\AndroidManifest.xml:14:13-47
76            android:windowSoftInputMode="adjustResize" >
76-->src\main\AndroidManifest.xml:17:13-55
77
78            <!--
79                 Specifies an Android theme to apply to this Activity as soon as
80                 the Android process has started. This theme is visible to the user
81                 while the Flutter UI initializes. After that, this theme continues
82                 to determine the Window background behind the Flutter UI.
83            -->
84            <meta-data
84-->src\main\AndroidManifest.xml:23:13-26:17
85                android:name="io.flutter.embedding.android.NormalTheme"
85-->src\main\AndroidManifest.xml:24:15-70
86                android:resource="@style/NormalTheme" />
86-->src\main\AndroidManifest.xml:25:15-52
87
88            <intent-filter>
88-->src\main\AndroidManifest.xml:27:13-30:29
89                <action android:name="android.intent.action.MAIN" />
89-->src\main\AndroidManifest.xml:28:17-68
89-->src\main\AndroidManifest.xml:28:25-66
90
91                <category android:name="android.intent.category.LAUNCHER" />
91-->src\main\AndroidManifest.xml:29:17-76
91-->src\main\AndroidManifest.xml:29:27-74
92            </intent-filter>
93        </activity>
94        <!--
95             Don't delete the meta-data below.
96             This is used by the Flutter tool to generate GeneratedPluginRegistrant.java
97        -->
98        <meta-data
98-->src\main\AndroidManifest.xml:34:9-36:33
99            android:name="flutterEmbedding"
99-->src\main\AndroidManifest.xml:35:13-44
100            android:value="2" />
100-->src\main\AndroidManifest.xml:36:13-30
101
102        <service
102-->[:cloud_firestore] AndroidManifest.xml:10:9-14:19
103            android:name="com.google.firebase.components.ComponentDiscoveryService"
103-->[:cloud_firestore] AndroidManifest.xml:10:18-89
104            android:directBootAware="true"
104-->[com.google.firebase:firebase-common:20.3.2] AndroidManifest.xml:34:13-43
105            android:exported="false" >
105-->[com.google.firebase:firebase-auth:22.0.0] AndroidManifest.xml:68:13-37
106            <meta-data
106-->[:cloud_firestore] AndroidManifest.xml:11:13-13:85
107                android:name="com.google.firebase.components:io.flutter.plugins.firebase.firestore.FlutterFirebaseFirestoreRegistrar"
107-->[:cloud_firestore] AndroidManifest.xml:12:17-134
108                android:value="com.google.firebase.components.ComponentRegistrar" />
108-->[:cloud_firestore] AndroidManifest.xml:13:17-82
109            <meta-data
109-->[:firebase_auth] AndroidManifest.xml:11:13-13:85
110                android:name="com.google.firebase.components:io.flutter.plugins.firebase.auth.FlutterFirebaseAuthRegistrar"
110-->[:firebase_auth] AndroidManifest.xml:12:17-124
111                android:value="com.google.firebase.components.ComponentRegistrar" />
111-->[:firebase_auth] AndroidManifest.xml:13:17-82
112            <meta-data
112-->[:firebase_core] AndroidManifest.xml:11:13-13:85
113                android:name="com.google.firebase.components:io.flutter.plugins.firebase.core.FlutterFirebaseCoreRegistrar"
113-->[:firebase_core] AndroidManifest.xml:12:17-124
114                android:value="com.google.firebase.components.ComponentRegistrar" />
114-->[:firebase_core] AndroidManifest.xml:13:17-82
115            <meta-data
115-->[com.google.firebase:firebase-auth:22.0.0] AndroidManifest.xml:69:13-71:85
116                android:name="com.google.firebase.components:com.google.firebase.auth.FirebaseAuthRegistrar"
116-->[com.google.firebase:firebase-auth:22.0.0] AndroidManifest.xml:70:17-109
117                android:value="com.google.firebase.components.ComponentRegistrar" />
117-->[com.google.firebase:firebase-auth:22.0.0] AndroidManifest.xml:71:17-82
118            <meta-data
118-->[com.google.firebase:firebase-firestore:24.6.0] AndroidManifest.xml:19:13-21:85
119                android:name="com.google.firebase.components:com.google.firebase.firestore.FirestoreRegistrar"
119-->[com.google.firebase:firebase-firestore:24.6.0] AndroidManifest.xml:20:17-111
120                android:value="com.google.firebase.components.ComponentRegistrar" />
120-->[com.google.firebase:firebase-firestore:24.6.0] AndroidManifest.xml:21:17-82
121            <meta-data
121-->[com.google.firebase:firebase-messaging:23.1.2] AndroidManifest.xml:55:13-57:85
122                android:name="com.google.firebase.components:com.google.firebase.messaging.FirebaseMessagingRegistrar"
122-->[com.google.firebase:firebase-messaging:23.1.2] AndroidManifest.xml:56:17-119
123                android:value="com.google.firebase.components.ComponentRegistrar" />
123-->[com.google.firebase:firebase-messaging:23.1.2] AndroidManifest.xml:57:17-82
124            <meta-data
124-->[com.google.firebase:firebase-datatransport:18.1.7] AndroidManifest.xml:27:13-29:85
125                android:name="com.google.firebase.components:com.google.firebase.datatransport.TransportRegistrar"
125-->[com.google.firebase:firebase-datatransport:18.1.7] AndroidManifest.xml:28:17-115
126                android:value="com.google.firebase.components.ComponentRegistrar" />
126-->[com.google.firebase:firebase-datatransport:18.1.7] AndroidManifest.xml:29:17-82
127            <meta-data
127-->[com.google.firebase:firebase-installations:17.1.3] AndroidManifest.xml:17:13-19:85
128                android:name="com.google.firebase.components:com.google.firebase.installations.FirebaseInstallationsRegistrar"
128-->[com.google.firebase:firebase-installations:17.1.3] AndroidManifest.xml:18:17-127
129                android:value="com.google.firebase.components.ComponentRegistrar" />
129-->[com.google.firebase:firebase-installations:17.1.3] AndroidManifest.xml:19:17-82
130        </service>
131
132        <provider
132-->[:image_picker_android] AndroidManifest.xml:10:9-18:20
133            android:name="io.flutter.plugins.imagepicker.ImagePickerFileProvider"
133-->[:image_picker_android] AndroidManifest.xml:11:13-82
134            android:authorities="com.example.bthn_test.flutter.image_provider"
134-->[:image_picker_android] AndroidManifest.xml:12:13-74
135            android:exported="false"
135-->[:image_picker_android] AndroidManifest.xml:13:13-37
136            android:grantUriPermissions="true" >
136-->[:image_picker_android] AndroidManifest.xml:14:13-47
137            <meta-data
137-->[:image_picker_android] AndroidManifest.xml:15:13-17:75
138                android:name="android.support.FILE_PROVIDER_PATHS"
138-->[:image_picker_android] AndroidManifest.xml:16:17-67
139                android:resource="@xml/flutter_image_picker_file_paths" />
139-->[:image_picker_android] AndroidManifest.xml:17:17-72
140        </provider>
141
142        <activity
142-->[:url_launcher_android] AndroidManifest.xml:10:9-13:74
143            android:name="io.flutter.plugins.urllauncher.WebViewActivity"
143-->[:url_launcher_android] AndroidManifest.xml:11:13-74
144            android:exported="false"
144-->[:url_launcher_android] AndroidManifest.xml:12:13-37
145            android:theme="@android:style/Theme.NoTitleBar.Fullscreen" />
145-->[:url_launcher_android] AndroidManifest.xml:13:13-71
146
147        <receiver
147-->[com.onesignal:OneSignal:4.8.5] AndroidManifest.xml:50:9-61:20
148            android:name="com.onesignal.FCMBroadcastReceiver"
148-->[com.onesignal:OneSignal:4.8.5] AndroidManifest.xml:51:13-62
149            android:exported="true"
149-->[com.onesignal:OneSignal:4.8.5] AndroidManifest.xml:52:13-36
150            android:permission="com.google.android.c2dm.permission.SEND" >
150-->[com.onesignal:OneSignal:4.8.5] AndroidManifest.xml:53:13-73
151
152            <!-- High priority so OneSignal payloads can be filtered from other FCM receivers -->
153            <intent-filter android:priority="999" >
153-->[com.onesignal:OneSignal:4.8.5] AndroidManifest.xml:56:13-60:29
153-->[com.onesignal:OneSignal:4.8.5] AndroidManifest.xml:56:28-50
154                <action android:name="com.google.android.c2dm.intent.RECEIVE" />
154-->[com.onesignal:OneSignal:4.8.5] AndroidManifest.xml:57:17-81
154-->[com.onesignal:OneSignal:4.8.5] AndroidManifest.xml:57:25-78
155
156                <category android:name="com.example.bthn_test" />
156-->[com.onesignal:OneSignal:4.8.5] AndroidManifest.xml:59:17-61
156-->[com.onesignal:OneSignal:4.8.5] AndroidManifest.xml:59:27-58
157            </intent-filter>
158        </receiver>
159
160        <service
160-->[com.onesignal:OneSignal:4.8.5] AndroidManifest.xml:63:9-69:19
161            android:name="com.onesignal.HmsMessageServiceOneSignal"
161-->[com.onesignal:OneSignal:4.8.5] AndroidManifest.xml:64:13-68
162            android:exported="false" >
162-->[com.onesignal:OneSignal:4.8.5] AndroidManifest.xml:65:13-37
163            <intent-filter>
163-->[com.onesignal:OneSignal:4.8.5] AndroidManifest.xml:66:13-68:29
164                <action android:name="com.huawei.push.action.MESSAGING_EVENT" />
164-->[com.onesignal:OneSignal:4.8.5] AndroidManifest.xml:67:17-81
164-->[com.onesignal:OneSignal:4.8.5] AndroidManifest.xml:67:25-78
165            </intent-filter>
166        </service>
167
168        <activity
168-->[com.onesignal:OneSignal:4.8.5] AndroidManifest.xml:71:9-79:20
169            android:name="com.onesignal.NotificationOpenedActivityHMS"
169-->[com.onesignal:OneSignal:4.8.5] AndroidManifest.xml:72:13-71
170            android:exported="true"
170-->[com.onesignal:OneSignal:4.8.5] AndroidManifest.xml:73:13-36
171            android:noHistory="true"
171-->[com.onesignal:OneSignal:4.8.5] AndroidManifest.xml:74:13-37
172            android:theme="@android:style/Theme.Translucent.NoTitleBar" >
172-->[com.onesignal:OneSignal:4.8.5] AndroidManifest.xml:75:13-72
173            <intent-filter>
173-->[com.onesignal:OneSignal:4.8.5] AndroidManifest.xml:76:13-78:29
174                <action android:name="android.intent.action.VIEW" />
174-->[com.onesignal:OneSignal:4.8.5] AndroidManifest.xml:77:17-69
174-->[com.onesignal:OneSignal:4.8.5] AndroidManifest.xml:77:25-66
175            </intent-filter>
176        </activity>
177
178        <service
178-->[com.onesignal:OneSignal:4.8.5] AndroidManifest.xml:81:9-83:40
179            android:name="com.onesignal.FCMIntentService"
179-->[com.onesignal:OneSignal:4.8.5] AndroidManifest.xml:82:13-58
180            android:exported="false" />
180-->[com.onesignal:OneSignal:4.8.5] AndroidManifest.xml:83:13-37
181        <service
181-->[com.onesignal:OneSignal:4.8.5] AndroidManifest.xml:84:9-87:72
182            android:name="com.onesignal.FCMIntentJobService"
182-->[com.onesignal:OneSignal:4.8.5] AndroidManifest.xml:85:13-61
183            android:exported="false"
183-->[com.onesignal:OneSignal:4.8.5] AndroidManifest.xml:86:13-37
184            android:permission="android.permission.BIND_JOB_SERVICE" />
184-->[com.onesignal:OneSignal:4.8.5] AndroidManifest.xml:87:13-69
185        <service
185-->[com.onesignal:OneSignal:4.8.5] AndroidManifest.xml:88:9-91:43
186            android:name="com.onesignal.SyncService"
186-->[com.onesignal:OneSignal:4.8.5] AndroidManifest.xml:89:13-53
187            android:exported="false"
187-->[com.onesignal:OneSignal:4.8.5] AndroidManifest.xml:90:13-37
188            android:stopWithTask="true" />
188-->[com.onesignal:OneSignal:4.8.5] AndroidManifest.xml:91:13-40
189        <service
189-->[com.onesignal:OneSignal:4.8.5] AndroidManifest.xml:92:9-95:72
190            android:name="com.onesignal.SyncJobService"
190-->[com.onesignal:OneSignal:4.8.5] AndroidManifest.xml:93:13-56
191            android:exported="false"
191-->[com.onesignal:OneSignal:4.8.5] AndroidManifest.xml:94:13-37
192            android:permission="android.permission.BIND_JOB_SERVICE" />
192-->[com.onesignal:OneSignal:4.8.5] AndroidManifest.xml:95:13-69
193
194        <activity
194-->[com.onesignal:OneSignal:4.8.5] AndroidManifest.xml:97:9-100:75
195            android:name="com.onesignal.PermissionsActivity"
195-->[com.onesignal:OneSignal:4.8.5] AndroidManifest.xml:98:13-61
196            android:exported="false"
196-->[com.onesignal:OneSignal:4.8.5] AndroidManifest.xml:99:13-37
197            android:theme="@android:style/Theme.Translucent.NoTitleBar" />
197-->[com.onesignal:OneSignal:4.8.5] AndroidManifest.xml:100:13-72
198
199        <receiver
199-->[com.onesignal:OneSignal:4.8.5] AndroidManifest.xml:102:9-104:39
200            android:name="com.onesignal.NotificationDismissReceiver"
200-->[com.onesignal:OneSignal:4.8.5] AndroidManifest.xml:103:13-69
201            android:exported="true" />
201-->[com.onesignal:OneSignal:4.8.5] AndroidManifest.xml:104:13-36
202        <receiver
202-->[com.onesignal:OneSignal:4.8.5] AndroidManifest.xml:105:9-112:20
203            android:name="com.onesignal.BootUpReceiver"
203-->[com.onesignal:OneSignal:4.8.5] AndroidManifest.xml:106:13-56
204            android:exported="true" >
204-->[com.onesignal:OneSignal:4.8.5] AndroidManifest.xml:107:13-36
205            <intent-filter>
205-->[com.onesignal:OneSignal:4.8.5] AndroidManifest.xml:108:13-111:29
206                <action android:name="android.intent.action.BOOT_COMPLETED" />
206-->[com.onesignal:OneSignal:4.8.5] AndroidManifest.xml:109:17-79
206-->[com.onesignal:OneSignal:4.8.5] AndroidManifest.xml:109:25-76
207                <action android:name="android.intent.action.QUICKBOOT_POWERON" />
207-->[com.onesignal:OneSignal:4.8.5] AndroidManifest.xml:110:17-82
207-->[com.onesignal:OneSignal:4.8.5] AndroidManifest.xml:110:25-79
208            </intent-filter>
209        </receiver>
210        <receiver
210-->[com.onesignal:OneSignal:4.8.5] AndroidManifest.xml:113:9-119:20
211            android:name="com.onesignal.UpgradeReceiver"
211-->[com.onesignal:OneSignal:4.8.5] AndroidManifest.xml:114:13-57
212            android:exported="true" >
212-->[com.onesignal:OneSignal:4.8.5] AndroidManifest.xml:115:13-36
213            <intent-filter>
213-->[com.onesignal:OneSignal:4.8.5] AndroidManifest.xml:116:13-118:29
214                <action android:name="android.intent.action.MY_PACKAGE_REPLACED" />
214-->[com.onesignal:OneSignal:4.8.5] AndroidManifest.xml:117:17-84
214-->[com.onesignal:OneSignal:4.8.5] AndroidManifest.xml:117:25-81
215            </intent-filter>
216        </receiver>
217
218        <activity
218-->[com.onesignal:OneSignal:4.8.5] AndroidManifest.xml:121:9-127:75
219            android:name="com.onesignal.NotificationOpenedReceiver"
219-->[com.onesignal:OneSignal:4.8.5] AndroidManifest.xml:122:13-68
220            android:excludeFromRecents="true"
220-->[com.onesignal:OneSignal:4.8.5] AndroidManifest.xml:123:13-46
221            android:exported="true"
221-->[com.onesignal:OneSignal:4.8.5] AndroidManifest.xml:124:13-36
222            android:noHistory="true"
222-->[com.onesignal:OneSignal:4.8.5] AndroidManifest.xml:125:13-37
223            android:taskAffinity=""
223-->[com.onesignal:OneSignal:4.8.5] AndroidManifest.xml:126:13-36
224            android:theme="@android:style/Theme.Translucent.NoTitleBar" />
224-->[com.onesignal:OneSignal:4.8.5] AndroidManifest.xml:127:13-72
225        <activity
225-->[com.onesignal:OneSignal:4.8.5] AndroidManifest.xml:128:9-133:75
226            android:name="com.onesignal.NotificationOpenedReceiverAndroid22AndOlder"
226-->[com.onesignal:OneSignal:4.8.5] AndroidManifest.xml:129:13-85
227            android:excludeFromRecents="true"
227-->[com.onesignal:OneSignal:4.8.5] AndroidManifest.xml:130:13-46
228            android:exported="true"
228-->[com.onesignal:OneSignal:4.8.5] AndroidManifest.xml:131:13-36
229            android:noHistory="true"
229-->[com.onesignal:OneSignal:4.8.5] AndroidManifest.xml:132:13-37
230            android:theme="@android:style/Theme.Translucent.NoTitleBar" />
230-->[com.onesignal:OneSignal:4.8.5] AndroidManifest.xml:133:13-72
231        <activity
231-->[com.google.firebase:firebase-auth:22.0.0] AndroidManifest.xml:29:9-46:20
232            android:name="com.google.firebase.auth.internal.GenericIdpActivity"
232-->[com.google.firebase:firebase-auth:22.0.0] AndroidManifest.xml:30:13-80
233            android:excludeFromRecents="true"
233-->[com.google.firebase:firebase-auth:22.0.0] AndroidManifest.xml:31:13-46
234            android:exported="true"
234-->[com.google.firebase:firebase-auth:22.0.0] AndroidManifest.xml:32:13-36
235            android:launchMode="singleTask"
235-->[com.google.firebase:firebase-auth:22.0.0] AndroidManifest.xml:33:13-44
236            android:theme="@android:style/Theme.Translucent.NoTitleBar" >
236-->[com.google.firebase:firebase-auth:22.0.0] AndroidManifest.xml:34:13-72
237            <intent-filter>
237-->[com.google.firebase:firebase-auth:22.0.0] AndroidManifest.xml:35:13-45:29
238                <action android:name="android.intent.action.VIEW" />
238-->[com.onesignal:OneSignal:4.8.5] AndroidManifest.xml:77:17-69
238-->[com.onesignal:OneSignal:4.8.5] AndroidManifest.xml:77:25-66
239
240                <category android:name="android.intent.category.DEFAULT" />
240-->[com.google.firebase:firebase-auth:22.0.0] AndroidManifest.xml:38:17-76
240-->[com.google.firebase:firebase-auth:22.0.0] AndroidManifest.xml:38:27-73
241                <category android:name="android.intent.category.BROWSABLE" />
241-->[com.google.firebase:firebase-auth:22.0.0] AndroidManifest.xml:39:17-78
241-->[com.google.firebase:firebase-auth:22.0.0] AndroidManifest.xml:39:27-75
242
243                <data
243-->[com.google.firebase:firebase-auth:22.0.0] AndroidManifest.xml:41:17-44:51
244                    android:host="firebase.auth"
244-->[com.google.firebase:firebase-auth:22.0.0] AndroidManifest.xml:42:21-49
245                    android:path="/"
245-->[com.google.firebase:firebase-auth:22.0.0] AndroidManifest.xml:43:21-37
246                    android:scheme="genericidp" />
246-->[com.google.firebase:firebase-auth:22.0.0] AndroidManifest.xml:44:21-48
247            </intent-filter>
248        </activity>
249        <activity
249-->[com.google.firebase:firebase-auth:22.0.0] AndroidManifest.xml:47:9-64:20
250            android:name="com.google.firebase.auth.internal.RecaptchaActivity"
250-->[com.google.firebase:firebase-auth:22.0.0] AndroidManifest.xml:48:13-79
251            android:excludeFromRecents="true"
251-->[com.google.firebase:firebase-auth:22.0.0] AndroidManifest.xml:49:13-46
252            android:exported="true"
252-->[com.google.firebase:firebase-auth:22.0.0] AndroidManifest.xml:50:13-36
253            android:launchMode="singleTask"
253-->[com.google.firebase:firebase-auth:22.0.0] AndroidManifest.xml:51:13-44
254            android:theme="@android:style/Theme.Translucent.NoTitleBar" >
254-->[com.google.firebase:firebase-auth:22.0.0] AndroidManifest.xml:52:13-72
255            <intent-filter>
255-->[com.google.firebase:firebase-auth:22.0.0] AndroidManifest.xml:53:13-63:29
256                <action android:name="android.intent.action.VIEW" />
256-->[com.onesignal:OneSignal:4.8.5] AndroidManifest.xml:77:17-69
256-->[com.onesignal:OneSignal:4.8.5] AndroidManifest.xml:77:25-66
257
258                <category android:name="android.intent.category.DEFAULT" />
258-->[com.google.firebase:firebase-auth:22.0.0] AndroidManifest.xml:38:17-76
258-->[com.google.firebase:firebase-auth:22.0.0] AndroidManifest.xml:38:27-73
259                <category android:name="android.intent.category.BROWSABLE" />
259-->[com.google.firebase:firebase-auth:22.0.0] AndroidManifest.xml:39:17-78
259-->[com.google.firebase:firebase-auth:22.0.0] AndroidManifest.xml:39:27-75
260
261                <data
261-->[com.google.firebase:firebase-auth:22.0.0] AndroidManifest.xml:41:17-44:51
262                    android:host="firebase.auth"
262-->[com.google.firebase:firebase-auth:22.0.0] AndroidManifest.xml:42:21-49
263                    android:path="/"
263-->[com.google.firebase:firebase-auth:22.0.0] AndroidManifest.xml:43:21-37
264                    android:scheme="recaptcha" />
264-->[com.google.firebase:firebase-auth:22.0.0] AndroidManifest.xml:44:21-48
265            </intent-filter>
266        </activity>
267
268        <receiver
268-->[com.google.firebase:firebase-messaging:23.1.2] AndroidManifest.xml:31:9-38:20
269            android:name="com.google.firebase.iid.FirebaseInstanceIdReceiver"
269-->[com.google.firebase:firebase-messaging:23.1.2] AndroidManifest.xml:32:13-78
270            android:exported="true"
270-->[com.google.firebase:firebase-messaging:23.1.2] AndroidManifest.xml:33:13-36
271            android:permission="com.google.android.c2dm.permission.SEND" >
271-->[com.google.firebase:firebase-messaging:23.1.2] AndroidManifest.xml:34:13-73
272            <intent-filter>
272-->[com.google.firebase:firebase-messaging:23.1.2] AndroidManifest.xml:35:13-37:29
273                <action android:name="com.google.android.c2dm.intent.RECEIVE" />
273-->[com.onesignal:OneSignal:4.8.5] AndroidManifest.xml:57:17-81